<?xml version="1.0" encoding="UTF-8"?>
<testsuite xmlns:xsi="http://www.w3.org/2001/XMLSchema-instance" xsi:noNamespaceSchemaLocation="https://maven.apache.org/surefire/maven-surefire-plugin/xsd/surefire-test-report.xsd" version="3.0.2" name="com.lokiscale.bifrost.autoconfigure.BifrostAutoConfigurationTests" time="1.097" tests="3" errors="0" skipped="0" failures="0">
  <properties>
[...]
</properties>
  <testcase name="hasAutoConfigurationAnnotation" classname="com.lokiscale.bifrost.autoconfigure.BifrostAutoConfigurationTests" time="0.006"/>
  <testcase name="autoConfiguresSessionRunnerAndProperties" classname="com.lokiscale.bifrost.autoconfigure.BifrostAutoConfigurationTests" time="0.899">
    <system-out><![CDATA[01:36:04.700 [main] INFO org.hibernate.validator.internal.util.Version -- HV000001: Hibernate Validator 8.0.3.Final
]]></system-out>
  </testcase>
  <testcase name="isRegisteredInAutoConfigurationImports" classname="com.lokiscale.bifrost.autoconfigure.BifrostAutoConfigurationTests" time="0.002"/>
</testsuite>